[2026-07-06 10:37:15] START A
[2026-07-06 10:44:14] START A
[2026-07-06 12:30:13] START A
[2026-07-06 19:46:59] END A (exit 0)
[2026-07-06 19:46:59] START B
[2026-07-06 19:52:18] START A
[2026-07-06 19:55:58] END A (exit 0)
[2026-07-06 19:55:58] START B
[2026-07-06 20:04:44] START A
[2026-07-06 20:07:48] END A (exit 0)
[2026-07-06 20:07:48] START B
[2026-07-07 03:40:48] END B (exit 0)
[2026-07-07 03:40:48] START C
[2026-07-07 03:51:20] END C (exit 1)
[2026-07-07 03:51:20] ALL TRAINING DONE
[2026-07-07 04:01:09] PIPELINE COMPLETE
[2026-07-07 08:30:45] START C
[2026-07-07 11:58:44] END C (exit 0)
[2026-07-07 11:58:44] C DONE, finalizing (export/eval/charts)
[2026-07-07 12:08:41] PIPELINE COMPLETE (C rerun + finalize)
[2026-07-07 12:11:52] FINALIZE START
[2026-07-07 12:25:08] eval exit=1
[2026-07-07 12:25:13] charts exit=0
[2026-07-07 12:25:13] FINALIZE DONE
[2026-07-07 12:26:50] FINALIZE START
[2026-07-07 12:39:42] eval exit=1
[2026-07-07 12:39:47] charts exit=0
[2026-07-07 12:39:47] FINALIZE DONE
[2026-07-07 12:41:07] FINALIZE START
[2026-07-07 12:54:46] eval exit=0
[2026-07-07 12:54:51] charts exit=0
[2026-07-07 12:54:51] FINALIZE DONE
[2026-07-07 12:55:54] FINALIZE START
[2026-07-07 13:09:11] eval exit=0
[2026-07-07 13:09:16] charts exit=0
[2026-07-07 13:09:16] FINALIZE DONE
